<?xml version="1.0" encoding="UTF-8"?>
<!-- Generated by org.testng.reporters.JUnitReportReporter -->
<testsuite hostname="Omprakash" failures="0" tests="1" name="com.crm.vtiger.test.testTest" time="4.398" errors="0" timestamp="2022-08-29T21:26:40 IST" skipped="0">
  <testcase classname="com.crm.vtiger.test.testTest" name="test" time="4.398"/>
  <system-out/>
</testsuite> <!-- com.crm.vtiger.test.testTest -->
